"D:/UnrealProjectsBackUp/MinimalHTML/Content/2DSideScrollerBP/2DSideScrollerOverview.uasset" 0
"../../../Engine/Content/Animation/DefaultAnimCurveCompressionSettings.uasset" 1
"../../../Engine/Content/Functions/Engine_MaterialFunctions01/Opacity/CameraDepthFade.uasset" 2
"../../../Engine/Content/EngineMaterials/T_Default_Material_Grid_M.uasset" 3
"../../../Engine/Content/EngineMaterials/T_Default_Material_Grid_N.uasset" 4
"../../../Engine/Content/EngineMaterials/WorldGridMaterial.uasset" 5
"../../../Engine/Content/ArtTools/RenderToTexture/Meshes/S_1_Unit_Plane.uasset" 6
"../../../Engine/Content/EditorLandscapeResources/DataLayer.uasset" 7
"../../../Engine/Content/EditorMaterials/GizmoMaterial.uasset" 8
"../../../Engine/Content/EditorMaterials/MAT_Groups_Toggle.uasset" 9
"../../../Engine/Content/EditorMaterials/MAT_Groups_Visibility.uasset" 10
"../../../Engine/Content/EditorMaterials/PreviewShadowIndicator.uasset" 11
"../../../Engine/Content/EditorMaterials/PreviewShadowIndicatorMaterial.uasset" 12
"../../../Engine/Content/EditorMaterials/MatineeGroups/MAT_ColorTrack.uasset" 13
"../../../Engine/Content/EditorMaterials/MatineeGroups/MAT_Groups_Anim.uasset" 14
"../../../Engine/Content/EditorMaterials/MatineeGroups/MAT_Groups_AudioMaster.uasset" 15
"../../../Engine/Content/EditorMaterials/MatineeGroups/MAT_Groups_Director.uasset" 16
"../../../Engine/Content/EditorMaterials/MatineeGroups/MAT_Groups_Event.uasset" 17
"../../../Engine/Content/EditorMaterials/MatineeGroups/MAT_Groups_Fade.uasset" 18
"../../../Engine/Content/EditorMaterials/MatineeGroups/MAT_Groups_Float.uasset" 19
"../../../Engine/Content/EditorMaterials/MatineeGroups/MAT_Groups_Move.uasset" 20
"../../../Engine/Content/EditorMaterials/MatineeGroups/MAT_Groups_Slomo.uasset" 21
"../../../Engine/Content/EditorMaterials/MatineeGroups/MAT_Groups_Sound.uasset" 22
"../../../Engine/Content/EditorMaterials/MatineeGroups/MAT_Groups_Vector.uasset" 23
"../../../Engine/Content/EditorMaterials/ParticleSystems/PSysThumbnail_NoImage.uasset" 24
"../../../Engine/Content/EditorMaterials/ParticleSystems/PSysThumbnail_OOD.uasset" 25
"../../../Engine/Content/EditorMaterials/Camera/CineMat.uasset" 26
"../../../Engine/Content/EditorMaterials/Camera/MI_CineMat_Rig.uasset" 27
"../../../Engine/Content/EditorMeshes/Camera/SM_CraneRig_Arm.uasset" 28
"../../../Engine/Content/EditorMeshes/Camera/SM_CraneRig_Base.uasset" 29
"../../../Engine/Content/EditorMeshes/Camera/SM_CraneRig_Body.uasset" 30
"../../../Engine/Content/EditorMeshes/Camera/SM_CraneRig_Mount.uasset" 31
"../../../Engine/Content/EditorMeshes/Camera/SM_RailRig_Mount.uasset" 32
"../../../Engine/Content/EditorMeshes/Camera/SM_RailRig_Track.uasset" 33
"../../../Engine/Content/EditorResources/BSPVertex.uasset" 34
"../../../Engine/Content/EditorResources/EmptyActor.uasset" 35
"../../../Engine/Content/EditorResources/S_Actor.uasset" 36
"../../../Engine/Content/EditorResources/S_Trigger.uasset" 37
"../../../Engine/Content/EditorSounds/Notifications/CompileFailed.uasset" 38
"../../../Engine/Content/EditorSounds/Notifications/CompileFailed_Cue.uasset" 39
"../../../Engine/Content/EditorSounds/Notifications/CompileSuccess.uasset" 40
"../../../Engine/Content/EditorSounds/Notifications/CompileStart_Cue.uasset" 41
"../../../Engine/Content/EditorSounds/Notifications/CompileSuccess_Cue.uasset" 42
"../../../Engine/Content/EngineDamageTypes/DmgTypeBP_Environmental.uasset" 43
"../../../Engine/Content/EngineDebugMaterials/HeatmapGradient.uasset" 44
"../../../Engine/Content/EngineDebugMaterials/BoneWeightMaterial.uasset" 45
"../../../Engine/Content/EngineDebugMaterials/ClothMaterial.uasset" 46
"../../../Engine/Content/EngineDebugMaterials/ClothMaterial_WF.uasset" 47
"../../../Engine/Content/EngineDebugMaterials/DebugEditorMaterial.uasset" 48
"../../../Engine/Content/EngineDebugMaterials/DebugMeshMaterial.uasset" 49
"../../../Engine/Content/EngineDebugMaterials/GeomMaterial.uasset" 50
"../../../Engine/Content/EngineDebugMaterials/M_SimpleTranslucent.uasset" 51
"../../../Engine/Content/EngineDebugMaterials/WireframeMaterial.uasset" 52
"../../../Engine/Content/EngineFonts/Faces/RobotoBold.uasset" 53
"../../../Engine/Content/EngineFonts/Faces/RobotoBoldItalic.uasset" 54
"../../../Engine/Content/EngineFonts/Faces/RobotoItalic.uasset" 55
"../../../Engine/Content/EngineFonts/Faces/RobotoLight.uasset" 56
"../../../Engine/Content/EngineFonts/Faces/RobotoRegular.uasset" 57
"../../../Engine/Content/EngineFonts/Roboto.uasset" 58
"../../../Engine/Content/EngineMaterials/BaseFlattenDiffuseMap.uasset" 59
"../../../Engine/Content/EngineMaterials/BaseFlattenEmissiveMap.uasset" 60
"../../../Engine/Content/EngineMaterials/BaseFlattenGrayscaleMap.uasset" 61
"../../../Engine/Content/EngineMaterials/BaseFlattenNormalMap.uasset" 62
"../../../Engine/Content/EngineMaterials/BaseFlattenMaterial.uasset" 63
"../../../Engine/Content/EngineMaterials/BlueNoise.uasset" 64
"../../../Engine/Content/EngineMaterials/DefaultBloomKernel.uasset" 65
"../../../Engine/Content/EngineMaterials/DefaultBokeh.uasset" 66
"../../../Engine/Content/EngineMaterials/DefaultDiffuse.uasset" 67
"../../../Engine/Content/EngineMaterials/DefaultDeferredDecalMaterial.uasset" 68
"../../../Engine/Content/EngineMaterials/DefaultLightFunctionMaterial.uasset" 69
"../../../Engine/Content/EngineMaterials/DefaultPhysicalMaterial.uasset" 70
"../../../Engine/Content/Functions/Engine_MaterialFunctions02/Utility/BreakOutFloat2Components.uasset" 71
"../../../Engine/Content/EngineMaterials/DefaultPostProcessMaterial.uasset" 72
"../../../Engine/Content/EngineFonts/RobotoDistanceField.uasset" 73
"../../../Engine/Content/EngineMaterials/DefaultTextMaterialOpaque.uasset" 74
"../../../Engine/Content/EngineMaterials/DefaultVirtualTextureMaterial.uasset" 75
"../../../Engine/Content/EngineMaterials/DefaultWhiteGrid.uasset" 76
"../../../Engine/Content/EngineMaterials/EditorBrushMaterial.uasset" 77
"../../../Engine/Content/EngineMaterials/DefaultWhiteGrid_Low.uasset" 78
"../../../Engine/Content/EngineMaterials/EmissiveMeshMaterial.uasset" 79
"../../../Engine/Content/EngineMaterials/Good64x64TilingNoiseHighFreq.uasset" 80
"../../../Engine/Content/EngineMaterials/MiniFont.uasset" 81
"../../../Engine/Content/EngineMaterials/InvalidLightmapSettings.uasset" 82
"../../../Engine/Content/EngineMaterials/M_InvalidLightmapSettings.uasset" 83
"../../../Engine/Content/Functions/Engine_MaterialFunctions02/WorldPositionOffset/CameraOffset.uasset" 84
"../../../Engine/Content/EngineMaterials/PhAT_JointLimitMaterial.uasset" 85
"../../../Engine/Content/EngineMaterials/PreintegratedSkinBRDF.uasset" 86
"../../../Engine/Content/EngineMaterials/RemoveSurfaceMaterial.uasset" 87
"../../../Engine/Content/EngineMaterials/WeightMapPlaceholderTexture.uasset" 88
"../../../Engine/Content/EngineResources/WhiteSquareTexture.uasset" 89
"../../../Engine/Content/EngineMaterials/Widget3DPassThrough.uasset" 90
"../../../Engine/Content/EngineMaterials/Widget3DPassThrough_Masked.uasset" 91
"../../../Engine/Content/EngineMaterials/Widget3DPassThrough_Opaque.uasset" 92
"../../../Engine/Content/EngineMaterials/Widget3DPassThrough_Masked_OneSided.uasset" 93
"../../../Engine/Content/EngineMaterials/Widget3DPassThrough_Opaque_OneSided.uasset" 94
"../../../Engine/Content/EngineMaterials/Widget3DPassThrough_Translucent.uasset" 95
"../../../Engine/Content/EngineMaterials/Widget3DPassThrough_Translucent_OneSided.uasset" 96
"../../../Engine/Content/EngineMeshes/Sphere.uasset" 97
"../../../Engine/Content/EngineResources/Black.uasset" 98
"../../../Engine/Content/EngineResources/DefaultTexture.uasset" 99
"../../../Engine/Content/EngineResources/DefaultTextureCube.uasset" 100
"../../../Engine/Content/EngineResources/DefaultVolumeTexture2D.uasset" 101
"../../../Engine/Content/EngineResources/DefaultVolumeTexture.uasset" 102
"../../../Engine/Content/EngineResources/GradientTexture0.uasset" 103
"../../../Engine/Content/EngineSounds/Master.uasset" 104
"../../../Engine/Content/Functions/Engine_MaterialFunctions01/Shading/ConvertFromDiffSpec.uasset" 105
"../../../Engine/Content/Functions/Engine_MaterialFunctions01/Shading/PowerToRoughness.uasset" 106
"../../../Engine/Content/Maps/Templates/Thumbnails/Default.uasset" 107
"../../../Engine/Content/Maps/Templates/Thumbnails/VR-Basic.uasset" 108
"../../../Engine/Content/MobileResources/T_MobileControls_texture.uasset" 109
"../../../Engine/Content/MobileResources/T_MobileMenu2.uasset" 110
"../../../Engine/Content/MobileResources/HUD/AnalogHat.uasset" 111
"../../../Engine/Content/MobileResources/HUD/VirtualJoystick_Background.uasset" 112
"../../../Engine/Content/MobileResources/HUD/VirtualJoystick_Thumb.uasset" 113
"../../../Engine/Content/MobileResources/HUD/DefaultVirtualJoysticks.uasset" 114
"../../../Engine/Content/MobileResources/HUD/LeftVirtualJoystickOnly.uasset" 115
"../../../Engine/Content/MobileResources/HUD/MobileHUDButton1_off.uasset" 116
"../../../Engine/Content/MobileResources/HUD/MobileHUDButton1_on.uasset" 117
"../../../Engine/Content/MobileResources/HUD/MobileHUDButton2_off.uasset" 118
"../../../Engine/Content/MobileResources/HUD/MobileHUDButton2_on.uasset" 119
"../../../Engine/Content/MobileResources/HUD/MobileHUDButton3.uasset" 120
"../../../Engine/Content/MobileResources/HUD/MobileHUDButtonFire.uasset" 121
"../../../Engine/Content/MobileResources/HUD/MobileHUDDirectionPad.uasset" 122
"../../../Engine/Content/MobileResources/HUD/MobileHUDDirectionPad2.uasset" 123
"../../../Engine/Content/MobileResources/HUD/MobileHUDDirectionPad3.uasset" 124
"../../../Engine/Content/MobileResources/HUD/MobileHUDDirectionStick.uasset" 125
"../../../Engine/Content/MobileResources/HUD/T_Castle_ThumbstickInner.uasset" 126
"../../../Engine/Content/MobileResources/HUD/T_Castle_ThumbstickOutter.uasset" 127
"../../../Engine/Content/Tutorial/ContentIntroCurve.uasset" 128
"../../../Engine/Content/Tutorial/Basics/LevelEditorAttract.uasset" 129
"../../../Engine/Content/Tutorial/Basics/TutorialAssets/icon_tab_Levels_40x.uasset" 130
"../../../Engine/Content/Tutorial/Basics/LevelEditorOverview.uasset" 131
"../../../Engine/Content/Tutorial/BlueprintTutorials/TutorialAssets/Blueprint_64x.uasset" 132
"../../../Engine/Content/Tutorial/BlueprintTutorials/BlueprintEditorTutorial.uasset" 133
"../../../Engine/Content/Tutorial/BlueprintTutorials/TutorialAssets/BlueprintInterface_64x.uasset" 134
"../../../Engine/Content/Tutorial/BlueprintTutorials/BlueprintInterfacesEditorOverview.uasset" 135
"../../../Engine/Content/Tutorial/BlueprintTutorials/LevelBlueprintEditorOverview.uasset" 136
"../../../Engine/Content/Tutorial/BlueprintTutorials/TutorialAssets/Tutorial_BP_Interface.uasset" 137
"../../../Engine/Content/Tutorial/Code/AddingCode.uasset" 138
"../../../Engine/Content/Tutorial/SubEditors/MaterialEditorTutorial.uasset" 139
"../../../Engine/Content/Tutorial/SubEditors/TutorialAssets/TutorialMaterial.uasset" 140
"../../../Engine/Content/VREditor/LaserPointer/VR_LaserPower_01.uasset" 141
"../../../Engine/Content/VREditor/TransformGizmo/TransformGizmoMaterial.uasset" 142
"../../../Engine/Content/VREditor/TransformGizmo/TranslucentTransformGizmoMaterial.uasset" 143
"../../../Engine/Content/VREditor/TransformGizmo/BoundingBoxCorner.uasset" 144
"../../../Engine/Content/VREditor/TransformGizmo/BoundingBoxEdge.uasset" 145
"../../../Engine/Content/VREditor/TransformGizmo/PlaneTranslationHandle.uasset" 146
"../../../Engine/Content/VREditor/TransformGizmo/Main.uasset" 147
"../../../Engine/Content/VREditor/TransformGizmo/Xray.uasset" 148
"../../../Engine/Content/VREditor/TransformGizmo/SM_Sequencer_Key.uasset" 149
"../../../Engine/Content/VREditor/TransformGizmo/SM_Sequencer_Node.uasset" 150
"../../Plugins/2D/Paper2D/Content/PlaceholderTextures/DummySpriteTexture.uasset" 151
"../../Plugins/2D/Paper2D/Content/DummySprite.uasset" 152
"../../Plugins/2D/Paper2D/Content/DefaultPaperTerrainMaterial.uasset" 153
"../../Plugins/2D/Paper2D/Content/DummySpriteTexture.uasset" 154
"../../Plugins/2D/Paper2D/Content/DefaultSpriteMaterial.uasset" 155
"../../Plugins/2D/Paper2D/Content/MaskedUnlitSpriteMaterial.uasset" 156
"../../../Engine/Content/EditorBlueprintResources/StandardMacros.uasset" 157
"D:/UnrealProjectsBackUp/MinimalHTML/Content/LostTextures/Projectiles/Proj.uasset" 158
"D:/UnrealProjectsBackUp/MinimalHTML/Content/LostTextures/Projectiles/Proj_Projectile_0.uasset" 159
"D:/UnrealProjectsBackUp/MinimalHTML/Content/Blueprints/BP_PlayerBullet.uasset" 160
"../../Plugins/2D/Paper2D/Content/TranslucentUnlitSpriteMaterial.uasset" 161
"D:/UnrealProjectsBackUp/MinimalHTML/Content/LostTextures/Char/platformer_sprites_organized_nolabels.uasset" 162
"D:/UnrealProjectsBackUp/MinimalHTML/Content/LostTextures/Char/platformer_sprites_organized_nolabels_Sprite_32.uasset" 163
"D:/UnrealProjectsBackUp/MinimalHTML/Content/LostTextures/Char/platformer_sprites_organized_nolabels_Sprite_33.uasset" 164
"D:/UnrealProjectsBackUp/MinimalHTML/Content/LostTextures/Char/char_crouch.uasset" 165
"D:/UnrealProjectsBackUp/MinimalHTML/Content/LostTextures/Char/char_crouch_idle.uasset" 166
"D:/UnrealProjectsBackUp/MinimalHTML/Content/LostTextures/Char/platformer_sprites_organized_nolabels_Sprite_39.uasset" 167
"D:/UnrealProjectsBackUp/MinimalHTML/Content/LostTextures/Char/char_fall_idle.uasset" 168
"D:/UnrealProjectsBackUp/MinimalHTML/Content/LostTextures/Char/platformer_sprites_organized_nolabels_Sprite_64.uasset" 169
"D:/UnrealProjectsBackUp/MinimalHTML/Content/LostTextures/Char/platformer_sprites_organized_nolabels_Sprite_65.uasset" 170
"D:/UnrealProjectsBackUp/MinimalHTML/Content/LostTextures/Char/platformer_sprites_organized_nolabels_Sprite_66.uasset" 171
"D:/UnrealProjectsBackUp/MinimalHTML/Content/LostTextures/Char/platformer_sprites_organized_nolabels_Sprite_67.uasset" 172
"D:/UnrealProjectsBackUp/MinimalHTML/Content/LostTextures/Char/char_idle.uasset" 173
"D:/UnrealProjectsBackUp/MinimalHTML/Content/LostTextures/Char/platformer_sprites_organized_nolabels_Sprite_34.uasset" 174
"D:/UnrealProjectsBackUp/MinimalHTML/Content/LostTextures/Char/platformer_sprites_organized_nolabels_Sprite_35.uasset" 175
"D:/UnrealProjectsBackUp/MinimalHTML/Content/LostTextures/Char/platformer_sprites_organized_nolabels_Sprite_36.uasset" 176
"D:/UnrealProjectsBackUp/MinimalHTML/Content/LostTextures/Char/platformer_sprites_organized_nolabels_Sprite_37.uasset" 177
"D:/UnrealProjectsBackUp/MinimalHTML/Content/LostTextures/Char/platformer_sprites_organized_nolabels_Sprite_38.uasset" 178
"D:/UnrealProjectsBackUp/MinimalHTML/Content/LostTextures/Char/char_jump.uasset" 179
"D:/UnrealProjectsBackUp/MinimalHTML/Content/LostTextures/Char/platformer_sprites_organized_nolabels_Sprite_10.uasset" 180
"D:/UnrealProjectsBackUp/MinimalHTML/Content/LostTextures/Char/platformer_sprites_organized_nolabels_Sprite_11.uasset" 181
"D:/UnrealProjectsBackUp/MinimalHTML/Content/LostTextures/Char/platformer_sprites_organized_nolabels_Sprite_12.uasset" 182
"D:/UnrealProjectsBackUp/MinimalHTML/Content/LostTextures/Char/platformer_sprites_organized_nolabels_Sprite_13.uasset" 183
"D:/UnrealProjectsBackUp/MinimalHTML/Content/LostTextures/Char/platformer_sprites_organized_nolabels_Sprite_14.uasset" 184
"D:/UnrealProjectsBackUp/MinimalHTML/Content/LostTextures/Char/platformer_sprites_organized_nolabels_Sprite_15.uasset" 185
"D:/UnrealProjectsBackUp/MinimalHTML/Content/LostTextures/Char/platformer_sprites_organized_nolabels_Sprite_8.uasset" 186
"D:/UnrealProjectsBackUp/MinimalHTML/Content/LostTextures/Char/platformer_sprites_organized_nolabels_Sprite_9.uasset" 187
"D:/UnrealProjectsBackUp/MinimalHTML/Content/LostTextures/Char/char_run.uasset" 188
"D:/UnrealProjectsBackUp/MinimalHTML/Content/LostTextures/Char/char_throw_hold.uasset" 189
"D:/UnrealProjectsBackUp/MinimalHTML/Content/LostTextures/Char/platformer_sprites_organized_nolabels_Sprite_49.uasset" 190
"D:/UnrealProjectsBackUp/MinimalHTML/Content/LostTextures/Char/platformer_sprites_organized_nolabels_Sprite_50.uasset" 191
"D:/UnrealProjectsBackUp/MinimalHTML/Content/LostTextures/Char/platformer_sprites_organized_nolabels_Sprite_51.uasset" 192
"D:/UnrealProjectsBackUp/MinimalHTML/Content/LostTextures/Char/char_throw.uasset" 193
"D:/UnrealProjectsBackUp/MinimalHTML/Content/LostTextures/Char/char_throw_hold_idle.uasset" 194
"D:/UnrealProjectsBackUp/MinimalHTML/Content/2DSideScrollerBP/Blueprints/2DSideScrollerCharacter.uasset" 195
"D:/UnrealProjectsBackUp/MinimalHTML/Content/Blueprints/S_BulletsEnemy.uasset" 196
"D:/UnrealProjectsBackUp/MinimalHTML/Content/LostTextures/Projectiles/Proj_Projectile_1.uasset" 197
"D:/UnrealProjectsBackUp/MinimalHTML/Content/LostTextures/Projectiles/Proj_Projectile_2.uasset" 198
"D:/UnrealProjectsBackUp/MinimalHTML/Content/Blueprints/DT_BulletsEnemy.uasset" 199
"D:/UnrealProjectsBackUp/MinimalHTML/Content/Blueprints/BP_EnemyBullet.uasset" 200
"D:/UnrealProjectsBackUp/MinimalHTML/Content/LostTextures/NME/NME.uasset" 201
"D:/UnrealProjectsBackUp/MinimalHTML/Content/LostTextures/NME/NME_NME_1.uasset" 202
"D:/UnrealProjectsBackUp/MinimalHTML/Content/LostTextures/NME/NME_NME_2.uasset" 203
"D:/UnrealProjectsBackUp/MinimalHTML/Content/LostTextures/NME/NME_NME_3.uasset" 204
"D:/UnrealProjectsBackUp/MinimalHTML/Content/LostTextures/NME/NME_NME_4.uasset" 205
"D:/UnrealProjectsBackUp/MinimalHTML/Content/LostTextures/NME/NME_NME_5.uasset" 206
"D:/UnrealProjectsBackUp/MinimalHTML/Content/LostTextures/NME/NME_anim.uasset" 207
"D:/UnrealProjectsBackUp/MinimalHTML/Content/Blueprints/BP_Enemy.uasset" 208
"D:/UnrealProjectsBackUp/MinimalHTML/Content/UI/Mobile/WB_MobileButton.uasset" 209
"D:/UnrealProjectsBackUp/MinimalHTML/Content/UI/WB_GameplayUI.uasset" 210
"D:/UnrealProjectsBackUp/MinimalHTML/Content/Blueprints/BP_GamePC.uasset" 211
"D:/UnrealProjectsBackUp/MinimalHTML/Content/2DSideScrollerBP/Blueprints/2DSideScrollerGameMode.uasset" 212
"../../../Engine/Content/BasicShapes/BasicShapeMaterial.uasset" 213
"../../../Engine/Content/EngineMaterials/DefaultMaterial.uasset" 214
"../../../Engine/Content/BasicShapes/Cube.uasset" 215
"../../../Engine/Content/MapTemplates/Bokeh_5Sides.uasset" 216
"../../../Engine/Content/MapTemplates/T_ScreenDirt02_w.uasset" 217
"../../Plugins/2D/Paper2D/Content/OpaqueUnlitSpriteMaterial.uasset" 218
"D:/UnrealProjectsBackUp/MinimalHTML/Content/2DSideScroller/Textures/2DBackground.uasset" 219
"D:/UnrealProjectsBackUp/MinimalHTML/Content/2DSideScroller/Sprites/Background_Sprite.uasset" 220
"D:/UnrealProjectsBackUp/MinimalHTML/Content/2DSideScroller/Textures/2DBackgroundBlockAtlas.uasset" 221
"D:/UnrealProjectsBackUp/MinimalHTML/Content/2DSideScroller/Sprites/Ledge.uasset" 222
"D:/UnrealProjectsBackUp/MinimalHTML/Content/2DSideScroller/Sprites/test_platform.uasset" 223
"D:/UnrealProjectsBackUp/MinimalHTML/Content/2DSideScroller/Sprites/test_platform_Sprite.uasset" 224
"D:/UnrealProjectsBackUp/MinimalHTML/Content/2DSideScrollerBP/Maps/2DSideScrollerExampleMap2.umap" 225
"D:/UnrealProjectsBackUp/MinimalHTML/Content/UI/WB_Button.uasset" 226
"D:/UnrealProjectsBackUp/MinimalHTML/Content/UI/WB_MainMenu.uasset" 227
"D:/UnrealProjectsBackUp/MinimalHTML/Content/2DSideScrollerBP/Maps/Menu.umap" 228
"../../../Engine/Content/Maps/Entry_BuiltData.uasset" 229
"../../../Engine/Content/Maps/Entry.umap" 230
